		at org.apache.spark.util.Utils$.doTryWithCallerStacktrace(Utils.scala:1378)
		at org.apache.spark.util.LazyTry.tryT$lzycompute(LazyTry.scala:46)
		at org.apache.spark.util.LazyTry.tryT(LazyTry.scala:46)
		... 23 more

26/01/12 17:38:15 INFO SparkContext: SparkContext is stopping with exitCode 0 from stop at SparkSubmit.scala:1036.
26/01/12 17:38:15 INFO SparkUI: Stopped Spark web UI at http://10.100.1.176:4040
26/01/12 17:38:15 INFO KubernetesClusterSchedulerBackend: Shutting down all executors
26/01/12 17:38:15 INFO KubernetesClusterSchedulerBackend$KubernetesDriverEndpoint: Asking each executor to shut down
26/01/12 17:38:15 INFO ExecutorPodsWatchSnapshotSource: Kubernetes client has been closed.
26/01/12 17:36:25 INFO MemoryStore: MemoryStore cleared
26/01/12 17:36:25 INFO BlockManager: BlockManager stopped
26/01/12 17:36:25 INFO BlockManagerMaster: BlockManagerMaster stopped
26/01/12 17:36:25 INFO OutputCommitCoordinator$OutputCommitCoordinatorEndpoint: OutputCommitCoordinator stopped!
26/01/12 17:36:25 INFO SparkContext: Successfully stopped SparkContext
26/01/12 17:36:25 INFO ShutdownHookManager: Shutdown hook called
26/01/12 17:36:25 INFO ShutdownHookManager: Deleting directory /tmp/spark-4be1bc9c-e852-4baf-a108-13d347de6d63
26/01/12 17:36:25 INFO ShutdownHookManager: Deleting directory /tmp/spark-19055eca-0974-45ac-9fb1-70f9f61ce815/pyspark-8497d754-894c-4866-968d-2f8984227d64
26/01/12 17:36:25 INFO ShutdownHookManager: Deleting directory /tmp/artifacts-2752e1f6-8702-490b-b670-75a53aa90c10
26/01/12 17:36:25 INFO ShutdownHookManager: Deleting directory /tmp/spark-19055eca-0974-45ac-9fb1-70f9f61ce815
26/01/12 17:37:15 INFO MemoryStore: MemoryStore cleared
26/01/12 17:37:15 INFO BlockManager: BlockManager stopped
26/01/12 17:37:15 INFO BlockManagerMaster: BlockManagerMaster stopped
26/01/12 17:37:15 INFO OutputCommitCoordinator$OutputCommitCoordinatorEndpoint: OutputCommitCoordinator stopped!
26/01/12 17:37:15 INFO SparkContext: Successfully stopped SparkContext
26/01/12 17:37:15 INFO ShutdownHookManager: Shutdown hook called
26/01/12 17:37:15 INFO ShutdownHookManager: Deleting directory /tmp/spark-cd3d659d-b611-4112-b082-323793f02d9a
26/01/12 17:37:15 INFO ShutdownHookManager: Deleting directory /tmp/artifacts-14dac18f-5247-45e3-955a-7a96fa784c8a
26/01/12 17:37:15 INFO ShutdownHookManager: Deleting directory /tmp/spark-accbc4d4-74d8-403f-96af-1ff4d9bef46b
26/01/12 17:37:15 INFO ShutdownHookManager: Deleting directory /tmp/spark-cd3d659d-b611-4112-b082-323793f02d9a/pyspark-384ea34c-8743-46fe-9559-89778f22c1f4
